  stdafx.cpp
  mks.c.cpp
c:\users\dell\source\repos\mks.c\mks.c\mks.c.cpp(9): error C2146: 语法错误: 缺少“;”(在标识符“scanf_s”的前面)
c:\users\dell\source\repos\mks.c\mks.c\mks.c.cpp(10): error C2146: 语法错误: 缺少“)”(在标识符“max”的前面)
c:\users\dell\source\repos\mks.c\mks.c\mks.c.cpp(10): error C2059: 语法错误:“;”
c:\users\dell\source\repos\mks.c\mks.c\mks.c.cpp(13): error C2059: 语法错误:“if”
c:\users\dell\source\repos\mks.c\mks.c\mks.c.cpp(14): error C2143: 语法错误: 缺少“;”(在“{”的前面)
c:\users\dell\source\repos\mks.c\mks.c\mks.c.cpp(23): error C2065: “p_max”: 未声明的标识符
c:\users\dell\source\repos\mks.c\mks.c\mks.c.cpp(23): error C2065: “max”: 未声明的标识符
c:\users\dell\source\repos\mks.c\mks.c\mks.c.cpp(23): error C4430: 缺少类型说明符 - 假定为 int。注意: C++ 不支持默认 int
c:\users\dell\source\repos\mks.c\mks.c\mks.c.cpp(23): error C2365: “printf”: 重定义；以前的定义是“函数”
  c:\program files (x86)\windows kits\10\include\10.0.17134.0\ucrt\stdio.h(948): note: 参见“printf”的声明
c:\users\dell\source\repos\mks.c\mks.c\mks.c.cpp(24): error C2065: “p_min”: 未声明的标识符
c:\users\dell\source\repos\mks.c\mks.c\mks.c.cpp(24): error C2065: “min”: 未声明的标识符
c:\users\dell\source\repos\mks.c\mks.c\mks.c.cpp(24): error C4430: 缺少类型说明符 - 假定为 int。注意: C++ 不支持默认 int
c:\users\dell\source\repos\mks.c\mks.c\mks.c.cpp(24): error C2365: “printf”: 重定义；以前的定义是“函数”
  c:\program files (x86)\windows kits\10\include\10.0.17134.0\ucrt\stdio.h(948): note: 参见“printf”的声明
c:\users\dell\source\repos\mks.c\mks.c\mks.c.cpp(25): error C2059: 语法错误:“}”
c:\users\dell\source\repos\mks.c\mks.c\mks.c.cpp(25): error C2143: 语法错误: 缺少“;”(在“}”的前面)
